2023-11-29 18:20:52,935 INFO o.a.j.u.JMeterUtils: Setting Locale to en_EN
2023-11-29 18:20:52,958 INFO o.a.j.JMeter: Loading user properties from: /Users/vladimir/My Drive/Profile_Google/Education/SRE/SRE-MTS-Strategy-Methods/dz3-Performance testing/dz3-PerfTest-jmeter/apache-jmeter-5.6.2/bin/user.properties
2023-11-29 18:20:52,959 INFO o.a.j.JMeter: Loading system properties from: /Users/vladimir/My Drive/Profile_Google/Education/SRE/SRE-MTS-Strategy-Methods/dz3-Performance testing/dz3-PerfTest-jmeter/apache-jmeter-5.6.2/bin/system.properties
2023-11-29 18:20:52,959 INFO o.a.j.JMeter: Setting JMeter property: jmeter.reportgenerator.overall_granularity=1000
2023-11-29 18:20:52,968 INFO o.a.j.JMeter: Copyright (c) 1998-2023 The Apache Software Foundation
2023-11-29 18:20:52,968 INFO o.a.j.JMeter: Version 5.6.2
2023-11-29 18:20:52,968 INFO o.a.j.JMeter: java.version=21.0.1
2023-11-29 18:20:52,968 INFO o.a.j.JMeter: java.vm.name=OpenJDK 64-Bit Server VM
2023-11-29 18:20:52,969 INFO o.a.j.JMeter: os.name=Mac OS X
2023-11-29 18:20:52,969 INFO o.a.j.JMeter: os.arch=x86_64
2023-11-29 18:20:52,969 INFO o.a.j.JMeter: os.version=14.1.1
2023-11-29 18:20:52,969 INFO o.a.j.JMeter: file.encoding=UTF-8
2023-11-29 18:20:52,969 INFO o.a.j.JMeter: java.awt.headless=true
2023-11-29 18:20:52,969 INFO o.a.j.JMeter: Max memory     =1073741824
2023-11-29 18:20:52,969 INFO o.a.j.JMeter: Available Processors =12
2023-11-29 18:20:52,981 INFO o.a.j.JMeter: Default Locale=English (EN)
2023-11-29 18:20:52,981 INFO o.a.j.JMeter: JMeter  Locale=English (EN)
2023-11-29 18:20:52,981 INFO o.a.j.JMeter: JMeterHome=/Users/vladimir/My Drive/Profile_Google/Education/SRE/SRE-MTS-Strategy-Methods/dz3-Performance testing/dz3-PerfTest-jmeter/apache-jmeter-5.6.2
2023-11-29 18:20:52,982 INFO o.a.j.JMeter: user.dir  =/Users/vladimir/My Drive/Profile_Google/Education/SRE/SRE-MTS-Strategy-Methods/dz3-Performance testing/dz3-PerfTest-jmeter
2023-11-29 18:20:52,982 INFO o.a.j.JMeter: PWD       =/Users/vladimir/My Drive/Profile_Google/Education/SRE/SRE-MTS-Strategy-Methods/dz3-Performance testing/dz3-PerfTest-jmeter
2023-11-29 18:20:52,989 INFO o.a.j.JMeter: IP: 192.168.2.14 Name: mbp--bond FullName: mbp--bond
2023-11-29 18:20:53,005 INFO o.a.j.JMeter: Setting property 'jmeter.reportgenerator.outputdir' to:'/Users/vladimir/My Drive/Profile_Google/Education/SRE/SRE-MTS-Strategy-Methods/dz3-Performance testing/dz3-PerfTest-jmeter/./30-300-wf-report'
2023-11-29 18:20:53,008 INFO o.a.j.r.d.ReportGenerator: ReportGenerator will use for Parsing the separator: ','
2023-11-29 18:20:53,009 INFO o.a.j.r.d.ReportGenerator: Will only generate report from results file: 30-300-wf-res
2023-11-29 18:20:53,009 INFO o.a.j.r.d.ReportGenerator: Reading report generator properties from: /Users/vladimir/My Drive/Profile_Google/Education/SRE/SRE-MTS-Strategy-Methods/dz3-Performance testing/dz3-PerfTest-jmeter/apache-jmeter-5.6.2/bin/reportgenerator.properties
2023-11-29 18:20:53,010 INFO o.a.j.r.d.ReportGenerator: Merging with JMeter properties
2023-11-29 18:20:53,015 INFO o.a.j.r.c.ReportGeneratorConfiguration: Property 'jmeter.reportgenerator.temp_dir' not found, using default value 'temp' instead.
2023-11-29 18:20:53,018 INFO o.a.j.r.c.ReportGeneratorConfiguration: Property 'jmeter.reportgenerator.apdex_per_transaction' not found, using default value 'null' instead.
2023-11-29 18:20:53,027 INFO o.a.j.r.c.ReportGeneratorConfiguration: apdex_per_transaction is empty, not APDEX per transaction customization
2023-11-29 18:20:53,047 INFO o.a.j.r.c.ReportGeneratorConfiguration: Property 'jmeter.reportgenerator.sample_filter' not found, using default value 'null' instead.
2023-11-29 18:20:53,047 INFO o.a.j.r.c.ReportGeneratorConfiguration: Property 'jmeter.reportgenerator.report_title' not found, using default value 'null' instead.
2023-11-29 18:20:53,047 INFO o.a.j.r.c.ReportGeneratorConfiguration: Property 'jmeter.reportgenerator.start_date' not found, using default value 'null' instead.
2023-11-29 18:20:53,047 INFO o.a.j.r.c.ReportGeneratorConfiguration: Property 'jmeter.reportgenerator.end_date' not found, using default value 'null' instead.
2023-11-29 18:20:53,047 INFO o.a.j.r.c.ReportGeneratorConfiguration: Property 'jmeter.reportgenerator.date_format' not found, using default value 'null' instead.
2023-11-29 18:20:53,050 INFO o.a.j.r.c.ReportGeneratorConfiguration: Will use date range start date: null, end date: null
2023-11-29 18:20:53,053 INFO o.a.j.r.c.ReportGeneratorConfiguration: Property 'jmeter.reportgenerator.graph.totalTPS.exclude_controllers' not found, using default value 'false' instead.
2023-11-29 18:20:53,053 INFO o.a.j.r.c.ReportGeneratorConfiguration: Property 'jmeter.reportgenerator.graph.activeThreadsOverTime.exclude_controllers' not found, using default value 'false' instead.
2023-11-29 18:20:53,054 INFO o.a.j.r.c.ReportGeneratorConfiguration: Property 'jmeter.reportgenerator.graph.timeVsThreads.exclude_controllers' not found, using default value 'false' instead.
2023-11-29 18:20:53,054 INFO o.a.j.r.c.ReportGeneratorConfiguration: Property 'jmeter.reportgenerator.graph.responseTimeDistribution.exclude_controllers' not found, using default value 'false' instead.
2023-11-29 18:20:53,054 INFO o.a.j.r.c.ReportGeneratorConfiguration: Property 'jmeter.reportgenerator.graph.transactionsPerSecond.exclude_controllers' not found, using default value 'false' instead.
2023-11-29 18:20:53,054 INFO o.a.j.r.c.ReportGeneratorConfiguration: Property 'jmeter.reportgenerator.graph.responseTimePercentiles.exclude_controllers' not found, using default value 'false' instead.
2023-11-29 18:20:53,054 INFO o.a.j.r.c.ReportGeneratorConfiguration: Property 'jmeter.reportgenerator.graph.responseTimePercentilesOverTime.exclude_controllers' not found, using default value 'false' instead.
2023-11-29 18:20:53,054 INFO o.a.j.r.c.ReportGeneratorConfiguration: Property 'jmeter.reportgenerator.graph.responseTimesOverTime.exclude_controllers' not found, using default value 'false' instead.
2023-11-29 18:20:53,054 INFO o.a.j.r.c.ReportGeneratorConfiguration: Property 'jmeter.reportgenerator.graph.connectTimeOverTime.exclude_controllers' not found, using default value 'false' instead.
2023-11-29 18:20:53,054 INFO o.a.j.r.c.ReportGeneratorConfiguration: Property 'jmeter.reportgenerator.graph.latenciesOverTime.exclude_controllers' not found, using default value 'false' instead.
2023-11-29 18:20:53,055 INFO o.a.j.r.c.ReportGeneratorConfiguration: Property 'jmeter.reportgenerator.exporter.json.filters_only_sample_series' not found, using default value 'true' instead.
2023-11-29 18:20:53,055 INFO o.a.j.r.c.ReportGeneratorConfiguration: Property 'jmeter.reportgenerator.exporter.json.series_filter' not found, using default value '' instead.
2023-11-29 18:20:53,055 INFO o.a.j.r.c.ReportGeneratorConfiguration: Property 'jmeter.reportgenerator.exporter.json.show_controllers_only' not found, using default value 'false' instead.
2023-11-29 18:20:53,056 INFO o.a.j.r.c.ReportGeneratorConfiguration: Property 'jmeter.reportgenerator.exporter.html.filters_only_sample_series' not found, using default value 'true' instead.
2023-11-29 18:20:53,056 INFO o.a.j.r.c.ReportGeneratorConfiguration: Property 'jmeter.reportgenerator.exporter.html.series_filter' not found, using default value '' instead.
2023-11-29 18:20:53,056 INFO o.a.j.r.c.ReportGeneratorConfiguration: Property 'jmeter.reportgenerator.exporter.html.show_controllers_only' not found, using default value 'false' instead.
2023-11-29 18:20:53,230 INFO o.a.j.s.SaveService: Testplan (JMX) version: 2.2. Testlog (JTL) version: 2.2
2023-11-29 18:20:53,254 INFO o.a.j.s.SaveService: Using SaveService properties version 5.0
2023-11-29 18:20:53,256 INFO o.a.j.s.SaveService: Using SaveService properties file encoding UTF-8
2023-11-29 18:20:53,273 INFO o.a.j.r.p.NormalizerSampleConsumer: Using format, 'ms', to parse timeStamp field
2023-11-29 18:20:53,453 INFO o.a.j.r.p.AbstractSampleConsumer: class org.apache.jmeter.report.processor.AggregateConsumer#stopProducing(): beginDate produced 0 samples
2023-11-29 18:20:53,453 INFO o.a.j.r.p.AbstractSampleConsumer: class org.apache.jmeter.report.processor.AggregateConsumer#stopProducing(): endDate produced 0 samples
2023-11-29 18:20:53,454 INFO o.a.j.r.p.AbstractSampleConsumer: class org.apache.jmeter.report.processor.ApdexSummaryConsumer#stopProducing(): apdexSummary produced 0 samples
2023-11-29 18:20:53,454 INFO o.a.j.r.p.AbstractSampleConsumer: class org.apache.jmeter.report.processor.RequestsSummaryConsumer#stopProducing(): requestsSummary produced 0 samples
2023-11-29 18:20:53,461 INFO o.a.j.r.p.AbstractSampleConsumer: class org.apache.jmeter.report.processor.StatisticsSummaryConsumer#stopProducing(): statisticsSummary produced 0 samples
2023-11-29 18:20:53,465 INFO o.a.j.r.p.AbstractSampleConsumer: class org.apache.jmeter.report.processor.Top5ErrorsBySamplerConsumer#stopProducing(): top5ErrorsBySampler produced 0 samples
2023-11-29 18:20:53,465 INFO o.a.j.r.p.AbstractSampleConsumer: class org.apache.jmeter.report.processor.ErrorsSummaryConsumer#stopProducing(): errorsSummary produced 0 samples
2023-11-29 18:20:53,465 INFO o.a.j.r.p.AbstractSampleConsumer: class org.apache.jmeter.report.processor.graph.impl.HitsPerSecondGraphConsumer#stopProducing(): hitsPerSecond produced 0 samples
2023-11-29 18:20:53,514 INFO o.a.j.r.p.AbstractSampleConsumer: class org.apache.jmeter.report.processor.graph.impl.LatencyVSRequestGraphConsumer#stopProducing(): latencyVsRequest produced 0 samples
2023-11-29 18:20:53,515 INFO o.a.j.r.p.AbstractSampleConsumer: class org.apache.jmeter.report.processor.graph.impl.SyntheticResponseTimeDistributionGraphConsumer#stopProducing(): syntheticResponseTimeDistribution produced 0 samples
2023-11-29 18:20:53,516 INFO o.a.j.r.p.AbstractSampleConsumer: class org.apache.jmeter.report.processor.graph.impl.BytesThroughputGraphConsumer#stopProducing(): bytesThroughputOverTime produced 0 samples
2023-11-29 18:20:53,516 INFO o.a.j.r.p.AbstractSampleConsumer: class org.apache.jmeter.report.processor.graph.impl.CodesPerSecondGraphConsumer#stopProducing(): codesPerSecond produced 0 samples
2023-11-29 18:20:53,539 INFO o.a.j.r.p.AbstractSampleConsumer: class org.apache.jmeter.report.processor.graph.impl.ResponseTimeVSRequestGraphConsumer#stopProducing(): responseTimeVsRequest produced 0 samples
2023-11-29 18:20:53,540 INFO o.a.j.r.p.AbstractSampleConsumer: class org.apache.jmeter.report.processor.FilterConsumer#stopProducing(): startIntervalControlerFilter produced 11578 samples
2023-11-29 18:20:53,540 INFO o.a.j.r.p.AbstractSampleConsumer: class org.apache.jmeter.report.processor.graph.impl.TotalTPSGraphConsumer#stopProducing(): totalTPS produced 0 samples
2023-11-29 18:20:53,540 INFO o.a.j.r.p.AbstractSampleConsumer: class org.apache.jmeter.report.processor.graph.impl.ActiveThreadsGraphConsumer#stopProducing(): activeThreadsOverTime produced 0 samples
2023-11-29 18:20:53,541 INFO o.a.j.r.p.AbstractSampleConsumer: class org.apache.jmeter.report.processor.graph.impl.TimeVSThreadGraphConsumer#stopProducing(): timeVsThreads produced 0 samples
2023-11-29 18:20:53,541 INFO o.a.j.r.p.AbstractSampleConsumer: class org.apache.jmeter.report.processor.graph.impl.ResponseTimeDistributionGraphConsumer#stopProducing(): responseTimeDistribution produced 0 samples
2023-11-29 18:20:53,541 INFO o.a.j.r.p.AbstractSampleConsumer: class org.apache.jmeter.report.processor.graph.impl.TransactionsPerSecondGraphConsumer#stopProducing(): transactionsPerSecond produced 0 samples
2023-11-29 18:20:53,541 INFO o.a.j.r.p.AbstractSampleConsumer: class org.apache.jmeter.report.processor.graph.impl.ResponseTimePercentilesGraphConsumer#stopProducing(): responseTimePercentiles produced 0 samples
2023-11-29 18:20:53,543 INFO o.a.j.r.p.AbstractSampleConsumer: class org.apache.jmeter.report.processor.graph.impl.ResponseTimePercentilesOverTimeGraphConsumer#stopProducing(): responseTimePercentilesOverTime produced 0 samples
2023-11-29 18:20:53,553 INFO o.a.j.r.p.AbstractSampleConsumer: class org.apache.jmeter.report.processor.graph.impl.ResponseTimeOverTimeGraphConsumer#stopProducing(): responseTimesOverTime produced 0 samples
2023-11-29 18:20:53,554 INFO o.a.j.r.p.AbstractSampleConsumer: class org.apache.jmeter.report.processor.graph.impl.ConnectTimeOverTimeGraphConsumer#stopProducing(): connectTimeOverTime produced 0 samples
2023-11-29 18:20:53,554 INFO o.a.j.r.p.AbstractSampleConsumer: class org.apache.jmeter.report.processor.graph.impl.LatencyOverTimeGraphConsumer#stopProducing(): latenciesOverTime produced 0 samples
2023-11-29 18:20:53,554 INFO o.a.j.r.p.AbstractSampleConsumer: class org.apache.jmeter.report.processor.FilterConsumer#stopProducing(): nameFilter produced 24810 samples
2023-11-29 18:20:53,554 INFO o.a.j.r.p.AbstractSampleConsumer: class org.apache.jmeter.report.processor.FilterConsumer#stopProducing(): dateRangeFilter produced 4962 samples
2023-11-29 18:20:53,554 INFO o.a.j.r.p.AbstractSampleConsumer: class org.apache.jmeter.report.processor.NormalizerSampleConsumer#stopProducing(): normalizer produced 1654 samples
2023-11-29 18:20:53,554 INFO o.a.j.r.p.CsvFileSampleSource: produce(): 1654 samples produced in 259ms on channel 0
2023-11-29 18:20:53,555 INFO o.a.j.r.d.ReportGenerator: Exporting data using exporter:'json' of className:'org.apache.jmeter.report.dashboard.JsonExporter'
2023-11-29 18:20:53,634 INFO o.a.j.r.d.JsonExporter: Found data for consumer statisticsSummary in context
2023-11-29 18:20:53,635 INFO o.a.j.r.d.JsonExporter: Creating statistics for overall
2023-11-29 18:20:53,635 INFO o.a.j.r.d.JsonExporter: Creating statistics for other transactions
2023-11-29 18:20:53,635 INFO o.a.j.r.d.JsonExporter: Checking output folder
2023-11-29 18:20:53,635 INFO o.a.j.r.d.JsonExporter: Writing statistics JSON to /Users/vladimir/My Drive/Profile_Google/Education/SRE/SRE-MTS-Strategy-Methods/dz3-Performance testing/dz3-PerfTest-jmeter/./30-300-wf-report/statistics.json
2023-11-29 18:20:53,663 INFO o.a.j.r.d.ReportGenerator: Exporting data using exporter:'html' of className:'org.apache.jmeter.report.dashboard.HtmlTemplateExporter'
2023-11-29 18:20:53,665 INFO o.a.j.r.d.HtmlTemplateExporter: Will generate dashboard in folder: /Users/vladimir/My Drive/Profile_Google/Education/SRE/SRE-MTS-Strategy-Methods/dz3-Performance testing/dz3-PerfTest-jmeter/./30-300-wf-report
2023-11-29 18:20:53,749 INFO o.a.j.r.d.HtmlTemplateExporter: Report will be generated in: /Users/vladimir/My Drive/Profile_Google/Education/SRE/SRE-MTS-Strategy-Methods/dz3-Performance testing/dz3-PerfTest-jmeter/./30-300-wf-report, creating folder structure
2023-11-29 18:20:53,751 INFO o.a.j.r.d.TemplateVisitor: Copying folder from '/Users/vladimir/My Drive/Profile_Google/Education/SRE/SRE-MTS-Strategy-Methods/dz3-Performance testing/dz3-PerfTest-jmeter/apache-jmeter-5.6.2/bin/report-template' to '/Users/vladimir/My Drive/Profile_Google/Education/SRE/SRE-MTS-Strategy-Methods/dz3-Performance testing/dz3-PerfTest-jmeter/./30-300-wf-report', got message: /Users/vladimir/My Drive/Profile_Google/Education/SRE/SRE-MTS-Strategy-Methods/dz3-Performance testing/dz3-PerfTest-jmeter/./30-300-wf-report, found non empty folder with following content [/Users/vladimir/My Drive/Profile_Google/Education/SRE/SRE-MTS-Strategy-Methods/dz3-Performance testing/dz3-PerfTest-jmeter/./30-300-wf-report/statistics.json], will be ignored
