2023-11-23 18:24:16,758 INFO o.a.j.u.JMeterUtils: Setting Locale to en_RU
2023-11-23 18:24:16,772 INFO o.a.j.JMeter: Loading user properties from: user.properties
2023-11-23 18:24:16,772 INFO o.a.j.JMeter: Loading system properties from: system.properties
2023-11-23 18:24:16,777 INFO o.a.j.JMeter: Copyright (c) 1998-2023 The Apache Software Foundation
2023-11-23 18:24:16,777 INFO o.a.j.JMeter: Version 5.6.2
2023-11-23 18:24:16,778 INFO o.a.j.JMeter: java.version=1.8.0_391
2023-11-23 18:24:16,778 INFO o.a.j.JMeter: java.vm.name=Java HotSpot(TM) 64-Bit Server VM
2023-11-23 18:24:16,778 INFO o.a.j.JMeter: os.name=Mac OS X
2023-11-23 18:24:16,778 INFO o.a.j.JMeter: os.arch=x86_64
2023-11-23 18:24:16,778 INFO o.a.j.JMeter: os.version=14.1.1
2023-11-23 18:24:16,778 INFO o.a.j.JMeter: file.encoding=UTF-8
2023-11-23 18:24:16,778 INFO o.a.j.JMeter: java.awt.headless=null
2023-11-23 18:24:16,778 INFO o.a.j.JMeter: Max memory     =3817865216
2023-11-23 18:24:16,778 INFO o.a.j.JMeter: Available Processors =12
2023-11-23 18:24:16,781 INFO o.a.j.JMeter: Default Locale=English (Russia)
2023-11-23 18:24:16,782 INFO o.a.j.JMeter: JMeter  Locale=English (Russia)
2023-11-23 18:24:16,782 INFO o.a.j.JMeter: JMeterHome=/Users/vladimir/My Drive/Profile_Google/Education/SRE/SRE-MTS-Strategy-Methods/dz3-Performance testing/dz3-PerfTest-jmeter/apache-jmeter-5.6.2
2023-11-23 18:24:16,782 INFO o.a.j.JMeter: user.dir  =/Users/vladimir/My Drive/Profile_Google/Education/SRE/SRE-MTS-Strategy-Methods/dz3-Performance testing/dz3-PerfTest-jmeter/apache-jmeter-5.6.2/bin
2023-11-23 18:24:16,782 INFO o.a.j.JMeter: PWD       =/Users/vladimir/My Drive/Profile_Google/Education/SRE/SRE-MTS-Strategy-Methods/dz3-Performance testing/dz3-PerfTest-jmeter/apache-jmeter-5.6.2/bin
2023-11-23 18:24:16,783 INFO o.a.j.JMeter: IP: 127.0.0.1 Name: MacBook-Pro--Bond.local FullName: localhost
2023-11-23 18:24:16,794 INFO o.a.j.JMeter: Loaded icon properties from org/apache/jmeter/images/icon.properties
2023-11-23 18:24:17,193 INFO o.a.j.JMeterGuiLauncher: Setting LAF to: com.github.weisj.darklaf.DarkLaf:com.github.weisj.darklaf.theme.DarculaTheme
2023-11-23 18:24:33,496 INFO o.a.j.s.FileServer: Default base='/Users/vladimir/My Drive/Profile_Google/Education/SRE/SRE-MTS-Strategy-Methods/dz3-Performance testing/dz3-PerfTest-jmeter/apache-jmeter-5.6.2/bin'
2023-11-23 18:24:33,507 INFO o.a.j.g.a.Load: Loading file: /Users/vladimir/My Drive/Profile_Google/Education/SRE/SRE-MTS-Strategy-Methods/dz3-Performance testing/dz3-PerfTest-jmeter/test00.jmx
2023-11-23 18:24:33,508 INFO o.a.j.s.FileServer: Set new base='/Users/vladimir/My Drive/Profile_Google/Education/SRE/SRE-MTS-Strategy-Methods/dz3-Performance testing/dz3-PerfTest-jmeter'
2023-11-23 18:24:33,605 INFO o.a.j.s.SaveService: Testplan (JMX) version: 2.2. Testlog (JTL) version: 2.2
2023-11-23 18:24:33,626 INFO o.a.j.s.SaveService: Using SaveService properties file encoding UTF-8
2023-11-23 18:24:33,627 INFO o.a.j.s.SaveService: Using SaveService properties version 5.0
2023-11-23 18:24:33,629 INFO o.a.j.s.SaveService: Loading file: /Users/vladimir/My Drive/Profile_Google/Education/SRE/SRE-MTS-Strategy-Methods/dz3-Performance testing/dz3-PerfTest-jmeter/test00.jmx
2023-11-23 18:24:33,652 INFO o.a.j.p.h.s.HTTPSamplerBase: Parser for text/html is org.apache.jmeter.protocol.http.parser.LagartoBasedHtmlParser
2023-11-23 18:24:33,652 INFO o.a.j.p.h.s.HTTPSamplerBase: Parser for application/xhtml+xml is org.apache.jmeter.protocol.http.parser.LagartoBasedHtmlParser
2023-11-23 18:24:33,652 INFO o.a.j.p.h.s.HTTPSamplerBase: Parser for application/xml is org.apache.jmeter.protocol.http.parser.LagartoBasedHtmlParser
2023-11-23 18:24:33,652 INFO o.a.j.p.h.s.HTTPSamplerBase: Parser for text/xml is org.apache.jmeter.protocol.http.parser.LagartoBasedHtmlParser
2023-11-23 18:24:33,652 INFO o.a.j.p.h.s.HTTPSamplerBase: Parser for text/vnd.wap.wml is org.apache.jmeter.protocol.http.parser.RegexpHTMLParser
2023-11-23 18:24:33,653 INFO o.a.j.p.h.s.HTTPSamplerBase: Parser for text/css is org.apache.jmeter.protocol.http.parser.CssParser
2023-11-23 18:24:33,783 INFO o.a.j.s.FileServer: Set new base='/Users/vladimir/My Drive/Profile_Google/Education/SRE/SRE-MTS-Strategy-Methods/dz3-Performance testing/dz3-PerfTest-jmeter'
